<?xml version="1.0" encoding="UTF-8"?>
<robot generator="Robot 6.1.1 (Python 3.10.12 on linux)" generated="20231120 22:06:48.166" rpa="false" schemaversion="4">
<suite id="s1" name="Tests" source="/home/subisabe/ohtu/ohtu-2023/viikko3/login-robot/src/tests">
<suite id="s1-s1" name="Login" source="/home/subisabe/ohtu/ohtu-2023/viikko3/login-robot/src/tests/login.robot">
<test id="s1-s1-t1" name="Login With Correct Credentials" line="6">
<kw name="Create User And Input Login Command" type="SETUP">
<kw name="Create User" library="AppLibrary">
<arg>kalle</arg>
<arg>kalle123</arg>
<status status="PASS" starttime="20231120 22:06:48.186" endtime="20231120 22:06:48.187"/>
</kw>
<kw name="Input Login Command" library="resource">
<kw name="Input" library="AppLibrary">
<arg>login</arg>
<status status="PASS" starttime="20231120 22:06:48.187" endtime="20231120 22:06:48.187"/>
</kw>
<status status="PASS" starttime="20231120 22:06:48.187" endtime="20231120 22:06:48.187"/>
</kw>
<status status="PASS" starttime="20231120 22:06:48.186" endtime="20231120 22:06:48.187"/>
</kw>
<kw name="Input Credentials" library="resource">
<arg>kalle</arg>
<arg>kalle123</arg>
<kw name="Input" library="AppLibrary">
<arg>${username}</arg>
<status status="PASS" starttime="20231120 22:06:48.188" endtime="20231120 22:06:48.188"/>
</kw>
<kw name="Input" library="AppLibrary">
<arg>${password}</arg>
<status status="PASS" starttime="20231120 22:06:48.188" endtime="20231120 22:06:48.188"/>
</kw>
<kw name="Run Application" library="AppLibrary">
<status status="PASS" starttime="20231120 22:06:48.188" endtime="20231120 22:06:48.188"/>
</kw>
<status status="PASS" starttime="20231120 22:06:48.187" endtime="20231120 22:06:48.188"/>
</kw>
<kw name="Output Should Contain" library="AppLibrary">
<arg>Logged in</arg>
<status status="PASS" starttime="20231120 22:06:48.188" endtime="20231120 22:06:48.188"/>
</kw>
<status status="PASS" starttime="20231120 22:06:48.186" endtime="20231120 22:06:48.188"/>
</test>
<test id="s1-s1-t2" name="Login With Incorrect Password" line="10">
<kw name="Create User And Input Login Command" type="SETUP">
<kw name="Create User" library="AppLibrary">
<arg>kalle</arg>
<arg>kalle123</arg>
<status status="PASS" starttime="20231120 22:06:48.189" endtime="20231120 22:06:48.189"/>
</kw>
<kw name="Input Login Command" library="resource">
<kw name="Input" library="AppLibrary">
<arg>login</arg>
<status status="PASS" starttime="20231120 22:06:48.189" endtime="20231120 22:06:48.189"/>
</kw>
<status status="PASS" starttime="20231120 22:06:48.189" endtime="20231120 22:06:48.190"/>
</kw>
<status status="PASS" starttime="20231120 22:06:48.189" endtime="20231120 22:06:48.190"/>
</kw>
<kw name="Input Credentials" library="resource">
<arg>pekka</arg>
<arg>pekka123</arg>
<kw name="Input" library="AppLibrary">
<arg>${username}</arg>
<status status="PASS" starttime="20231120 22:06:48.190" endtime="20231120 22:06:48.190"/>
</kw>
<kw name="Input" library="AppLibrary">
<arg>${password}</arg>
<status status="PASS" starttime="20231120 22:06:48.190" endtime="20231120 22:06:48.190"/>
</kw>
<kw name="Run Application" library="AppLibrary">
<status status="PASS" starttime="20231120 22:06:48.190" endtime="20231120 22:06:48.190"/>
</kw>
<status status="PASS" starttime="20231120 22:06:48.190" endtime="20231120 22:06:48.190"/>
</kw>
<kw name="Output Should Contain" library="AppLibrary">
<arg>Invalid username or password</arg>
<status status="PASS" starttime="20231120 22:06:48.190" endtime="20231120 22:06:48.190"/>
</kw>
<status status="PASS" starttime="20231120 22:06:48.189" endtime="20231120 22:06:48.191"/>
</test>
<test id="s1-s1-t3" name="Login With Nonexistent Username" line="14">
<kw name="Create User And Input Login Command" type="SETUP">
<kw name="Create User" library="AppLibrary">
<arg>kalle</arg>
<arg>kalle123</arg>
<status status="PASS" starttime="20231120 22:06:48.191" endtime="20231120 22:06:48.191"/>
</kw>
<kw name="Input Login Command" library="resource">
<kw name="Input" library="AppLibrary">
<arg>login</arg>
<status status="PASS" starttime="20231120 22:06:48.191" endtime="20231120 22:06:48.191"/>
</kw>
<status status="PASS" starttime="20231120 22:06:48.191" endtime="20231120 22:06:48.192"/>
</kw>
<status status="PASS" starttime="20231120 22:06:48.191" endtime="20231120 22:06:48.192"/>
</kw>
<kw name="Input Credentials" library="resource">
<arg>jukka</arg>
<arg>jukkanen</arg>
<kw name="Input" library="AppLibrary">
<arg>${username}</arg>
<status status="PASS" starttime="20231120 22:06:48.192" endtime="20231120 22:06:48.192"/>
</kw>
<kw name="Input" library="AppLibrary">
<arg>${password}</arg>
<status status="PASS" starttime="20231120 22:06:48.192" endtime="20231120 22:06:48.192"/>
</kw>
<kw name="Run Application" library="AppLibrary">
<status status="PASS" starttime="20231120 22:06:48.192" endtime="20231120 22:06:48.193"/>
</kw>
<status status="PASS" starttime="20231120 22:06:48.192" endtime="20231120 22:06:48.193"/>
</kw>
<kw name="Output Should Contain" library="AppLibrary">
<arg>Invalid username or password</arg>
<status status="PASS" starttime="20231120 22:06:48.193" endtime="20231120 22:06:48.193"/>
</kw>
<status status="PASS" starttime="20231120 22:06:48.191" endtime="20231120 22:06:48.193"/>
</test>
<status status="PASS" starttime="20231120 22:06:48.181" endtime="20231120 22:06:48.193"/>
</suite>
<suite id="s1-s2" name="Register" source="/home/subisabe/ohtu/ohtu-2023/viikko3/login-robot/src/tests/register.robot">
<test id="s1-s2-t1" name="Register With Valid Username And Password" line="6">
<kw name="Create User And Input New Command" type="SETUP">
<kw name="Create User" library="AppLibrary">
<arg>matti</arg>
<arg>matti123</arg>
<status status="PASS" starttime="20231120 22:06:48.197" endtime="20231120 22:06:48.197"/>
</kw>
<kw name="Input New Command" library="resource">
<kw name="Input" library="AppLibrary">
<arg>new</arg>
<status status="PASS" starttime="20231120 22:06:48.197" endtime="20231120 22:06:48.197"/>
</kw>
<status status="PASS" starttime="20231120 22:06:48.197" endtime="20231120 22:06:48.197"/>
</kw>
<status status="PASS" starttime="20231120 22:06:48.197" endtime="20231120 22:06:48.197"/>
</kw>
<kw name="Input Credentials" library="resource">
<arg>pentti</arg>
<arg>pentti10</arg>
<kw name="Input" library="AppLibrary">
<arg>${username}</arg>
<status status="PASS" starttime="20231120 22:06:48.198" endtime="20231120 22:06:48.198"/>
</kw>
<kw name="Input" library="AppLibrary">
<arg>${password}</arg>
<status status="PASS" starttime="20231120 22:06:48.198" endtime="20231120 22:06:48.198"/>
</kw>
<kw name="Run Application" library="AppLibrary">
<status status="PASS" starttime="20231120 22:06:48.198" endtime="20231120 22:06:48.198"/>
</kw>
<status status="PASS" starttime="20231120 22:06:48.198" endtime="20231120 22:06:48.198"/>
</kw>
<kw name="Output Should Contain" library="AppLibrary">
<arg>New user registered</arg>
<status status="PASS" starttime="20231120 22:06:48.198" endtime="20231120 22:06:48.198"/>
</kw>
<status status="PASS" starttime="20231120 22:06:48.196" endtime="20231120 22:06:48.198"/>
</test>
<test id="s1-s2-t2" name="Register With Already Taken Username And Valid Password" line="10">
<kw name="Create User And Input New Command" type="SETUP">
<kw name="Create User" library="AppLibrary">
<arg>matti</arg>
<arg>matti123</arg>
<status status="PASS" starttime="20231120 22:06:48.199" endtime="20231120 22:06:48.199"/>
</kw>
<kw name="Input New Command" library="resource">
<kw name="Input" library="AppLibrary">
<arg>new</arg>
<status status="PASS" starttime="20231120 22:06:48.199" endtime="20231120 22:06:48.200"/>
</kw>
<status status="PASS" starttime="20231120 22:06:48.199" endtime="20231120 22:06:48.200"/>
</kw>
<status status="PASS" starttime="20231120 22:06:48.199" endtime="20231120 22:06:48.200"/>
</kw>
<kw name="Input Credentials" library="resource">
<arg>matti</arg>
<arg>matti123</arg>
<kw name="Input" library="AppLibrary">
<arg>${username}</arg>
<status status="PASS" starttime="20231120 22:06:48.200" endtime="20231120 22:06:48.200"/>
</kw>
<kw name="Input" library="AppLibrary">
<arg>${password}</arg>
<status status="PASS" starttime="20231120 22:06:48.200" endtime="20231120 22:06:48.200"/>
</kw>
<kw name="Run Application" library="AppLibrary">
<status status="PASS" starttime="20231120 22:06:48.200" endtime="20231120 22:06:48.200"/>
</kw>
<status status="PASS" starttime="20231120 22:06:48.200" endtime="20231120 22:06:48.201"/>
</kw>
<kw name="Output Should Contain" library="AppLibrary">
<arg>User with username matti already exists</arg>
<status status="PASS" starttime="20231120 22:06:48.201" endtime="20231120 22:06:48.201"/>
</kw>
<status status="PASS" starttime="20231120 22:06:48.199" endtime="20231120 22:06:48.201"/>
</test>
<test id="s1-s2-t3" name="Register With Too Short Username And Valid Password" line="14">
<kw name="Create User And Input New Command" type="SETUP">
<kw name="Create User" library="AppLibrary">
<arg>matti</arg>
<arg>matti123</arg>
<status status="PASS" starttime="20231120 22:06:48.201" endtime="20231120 22:06:48.202"/>
</kw>
<kw name="Input New Command" library="resource">
<kw name="Input" library="AppLibrary">
<arg>new</arg>
<status status="PASS" starttime="20231120 22:06:48.202" endtime="20231120 22:06:48.202"/>
</kw>
<status status="PASS" starttime="20231120 22:06:48.202" endtime="20231120 22:06:48.202"/>
</kw>
<status status="PASS" starttime="20231120 22:06:48.201" endtime="20231120 22:06:48.202"/>
</kw>
<kw name="Input Credentials" library="resource">
<arg>jb</arg>
<arg>justin95</arg>
<kw name="Input" library="AppLibrary">
<arg>${username}</arg>
<status status="PASS" starttime="20231120 22:06:48.202" endtime="20231120 22:06:48.202"/>
</kw>
<kw name="Input" library="AppLibrary">
<arg>${password}</arg>
<status status="PASS" starttime="20231120 22:06:48.202" endtime="20231120 22:06:48.202"/>
</kw>
<kw name="Run Application" library="AppLibrary">
<status status="PASS" starttime="20231120 22:06:48.202" endtime="20231120 22:06:48.203"/>
</kw>
<status status="PASS" starttime="20231120 22:06:48.202" endtime="20231120 22:06:48.203"/>
</kw>
<kw name="Output Should Contain" library="AppLibrary">
<arg>Username must be at least 3 characters long</arg>
<status status="PASS" starttime="20231120 22:06:48.203" endtime="20231120 22:06:48.203"/>
</kw>
<status status="PASS" starttime="20231120 22:06:48.201" endtime="20231120 22:06:48.203"/>
</test>
<test id="s1-s2-t4" name="Register With Enough Long But Invalid Username And Valid Password" line="18">
<kw name="Create User And Input New Command" type="SETUP">
<kw name="Create User" library="AppLibrary">
<arg>matti</arg>
<arg>matti123</arg>
<status status="PASS" starttime="20231120 22:06:48.203" endtime="20231120 22:06:48.204"/>
</kw>
<kw name="Input New Command" library="resource">
<kw name="Input" library="AppLibrary">
<arg>new</arg>
<status status="PASS" starttime="20231120 22:06:48.204" endtime="20231120 22:06:48.204"/>
</kw>
<status status="PASS" starttime="20231120 22:06:48.204" endtime="20231120 22:06:48.204"/>
</kw>
<status status="PASS" starttime="20231120 22:06:48.203" endtime="20231120 22:06:48.204"/>
</kw>
<kw name="Input Credentials" library="resource">
<arg>jerkko13</arg>
<arg>jerkonsalasana1</arg>
<kw name="Input" library="AppLibrary">
<arg>${username}</arg>
<status status="PASS" starttime="20231120 22:06:48.204" endtime="20231120 22:06:48.204"/>
</kw>
<kw name="Input" library="AppLibrary">
<arg>${password}</arg>
<status status="PASS" starttime="20231120 22:06:48.204" endtime="20231120 22:06:48.204"/>
</kw>
<kw name="Run Application" library="AppLibrary">
<status status="PASS" starttime="20231120 22:06:48.204" endtime="20231120 22:06:48.204"/>
</kw>
<status status="PASS" starttime="20231120 22:06:48.204" endtime="20231120 22:06:48.205"/>
</kw>
<kw name="Output Should Contain" library="AppLibrary">
<arg>Username must only contain letters a-z</arg>
<status status="PASS" starttime="20231120 22:06:48.205" endtime="20231120 22:06:48.205"/>
</kw>
<status status="PASS" starttime="20231120 22:06:48.203" endtime="20231120 22:06:48.205"/>
</test>
<test id="s1-s2-t5" name="Register With Valid Username And Too Short Password" line="22">
<kw name="Create User And Input New Command" type="SETUP">
<kw name="Create User" library="AppLibrary">
<arg>matti</arg>
<arg>matti123</arg>
<status status="PASS" starttime="20231120 22:06:48.205" endtime="20231120 22:06:48.206"/>
</kw>
<kw name="Input New Command" library="resource">
<kw name="Input" library="AppLibrary">
<arg>new</arg>
<status status="PASS" starttime="20231120 22:06:48.206" endtime="20231120 22:06:48.206"/>
</kw>
<status status="PASS" starttime="20231120 22:06:48.206" endtime="20231120 22:06:48.206"/>
</kw>
<status status="PASS" starttime="20231120 22:06:48.205" endtime="20231120 22:06:48.206"/>
</kw>
<kw name="Input Credentials" library="resource">
<arg>jorma</arg>
<arg>jorma1</arg>
<kw name="Input" library="AppLibrary">
<arg>${username}</arg>
<status status="PASS" starttime="20231120 22:06:48.206" endtime="20231120 22:06:48.206"/>
</kw>
<kw name="Input" library="AppLibrary">
<arg>${password}</arg>
<status status="PASS" starttime="20231120 22:06:48.207" endtime="20231120 22:06:48.207"/>
</kw>
<kw name="Run Application" library="AppLibrary">
<status status="PASS" starttime="20231120 22:06:48.207" endtime="20231120 22:06:48.207"/>
</kw>
<status status="PASS" starttime="20231120 22:06:48.206" endtime="20231120 22:06:48.207"/>
</kw>
<kw name="Output Should Contain" library="AppLibrary">
<arg>Password must be at least 8 characters long</arg>
<status status="PASS" starttime="20231120 22:06:48.207" endtime="20231120 22:06:48.207"/>
</kw>
<status status="PASS" starttime="20231120 22:06:48.205" endtime="20231120 22:06:48.207"/>
</test>
<test id="s1-s2-t6" name="Register With Valid Username And Long Enough Password Containing Only Letters" line="26">
<kw name="Create User And Input New Command" type="SETUP">
<kw name="Create User" library="AppLibrary">
<arg>matti</arg>
<arg>matti123</arg>
<status status="PASS" starttime="20231120 22:06:48.208" endtime="20231120 22:06:48.208"/>
</kw>
<kw name="Input New Command" library="resource">
<kw name="Input" library="AppLibrary">
<arg>new</arg>
<status status="PASS" starttime="20231120 22:06:48.208" endtime="20231120 22:06:48.208"/>
</kw>
<status status="PASS" starttime="20231120 22:06:48.208" endtime="20231120 22:06:48.208"/>
</kw>
<status status="PASS" starttime="20231120 22:06:48.208" endtime="20231120 22:06:48.209"/>
</kw>
<kw name="Input Credentials" library="resource">
<arg>maiju</arg>
<arg>maijunsalasana</arg>
<kw name="Input" library="AppLibrary">
<arg>${username}</arg>
<status status="PASS" starttime="20231120 22:06:48.209" endtime="20231120 22:06:48.209"/>
</kw>
<kw name="Input" library="AppLibrary">
<arg>${password}</arg>
<status status="PASS" starttime="20231120 22:06:48.209" endtime="20231120 22:06:48.209"/>
</kw>
<kw name="Run Application" library="AppLibrary">
<status status="PASS" starttime="20231120 22:06:48.209" endtime="20231120 22:06:48.209"/>
</kw>
<status status="PASS" starttime="20231120 22:06:48.209" endtime="20231120 22:06:48.209"/>
</kw>
<kw name="Output Should Contain" library="AppLibrary">
<arg>Password must not contain only letters</arg>
<status status="PASS" starttime="20231120 22:06:48.209" endtime="20231120 22:06:48.210"/>
</kw>
<status status="PASS" starttime="20231120 22:06:48.207" endtime="20231120 22:06:48.210"/>
</test>
<status status="PASS" starttime="20231120 22:06:48.194" endtime="20231120 22:06:48.210"/>
</suite>
<status status="PASS" starttime="20231120 22:06:48.167" endtime="20231120 22:06:48.210"/>
</suite>
<statistics>
<total>
<stat pass="9" fail="0" skip="0">All Tests</stat>
</total>
<tag>
</tag>
<suite>
<stat pass="9" fail="0" skip="0" id="s1" name="Tests">Tests</stat>
<stat pass="3" fail="0" skip="0" id="s1-s1" name="Login">Tests.Login</stat>
<stat pass="6" fail="0" skip="0" id="s1-s2" name="Register">Tests.Register</stat>
</suite>
</statistics>
<errors>
</errors>
</robot>
